#
# A fatal error has been detected by the Java Runtime Environment:
#
#  EXCEPTION_IN_PAGE_ERROR (0xc0000006) at pc=0x0000000076e735d3, pid=7556, tid=0x0000000000001f2c
#
# JRE version: Java(TM) SE Runtime Environment (8.0_112-b15) (build 1.8.0_112-b15)
# Java VM: Java HotSpot(TM) 64-Bit Server VM (25.112-b15 mixed mode windows-amd64 compressed oops)
# Problematic frame:
# C  [ntdll.dll+0x435d3]
#
# Failed to write core dump. Minidumps are not enabled by default on client versions of Windows
#
# If you would like to submit a bug report, please visit:
#   http://bugreport.java.com/bugreport/crash.jsp
# The crash happened outside the Java Virtual Machine in native code.
# See problematic frame for where to report the bug.
#

---------------  T H R E A D  ---------------

Current thread (0x000000005c08e000):  JavaThread "http-nio-8888-exec-9" daemon [_thread_in_native, id=7980, stack(0x000000005e680000,0x000000005e780000)]

siginfo: ExceptionCode=0xc0000006, ExceptionInformation=0x0000000000000000 0x000000000269692c 0x00000000c0000185 

Registers:
RAX=0x000000000267a850, RBX=0x0000000000000012, RCX=0x000000000269692c, RDX=0x000000000267a2e8
RSP=0x000000005e77e5b0, RBP=0x0000000000000000, RSI=0x000000005e77e870, RDI=0x000007fefcdd0000
R8 =0x000000000267a2e8, R9 =0x0000000000000000, R10=0x0000000000000001, R11=0x000000005e77e530
R12=0x0000000000000000, R13=0x000007fefcdd0000, R14=0x0000000000002745, R15=0x000000000036c0d0
RIP=0x0000000076e735d3, EFLAGS=0x0000000000010206

Top of Stack: (sp=0x000000005e77e5b0)
0x000000005e77e5b0:   0000000002000002 000000005e77e870
0x000000005e77e5c0:   000007fefcdd0000 0000000000002745
0x000000005e77e5d0:   000000005e77e5e0 0000000000000000
0x000000005e77e5e0:   0000000002671e70 000000000267a2e8
0x000000005e77e5f0:   000000000000000b 0000000000000001
0x000000005e77e600:   0000000000000000 0000000000002745
0x000000005e77e610:   0000000000000001 000007fefcdda100
0x000000005e77e620:   0000000000000000 0000000000000210
0x000000005e77e630:   0000000000300488 000000005e77e720
0x000000005e77e640:   000000005e77e690 0000000002721340
0x000000005e77e650:   0000000000000001 000000005e77e6c0
0x000000005e77e660:   000000005defaa00 0000000000000000
0x000000005e77e670:   0000000000000001 0000000000000000
0x000000005e77e680:   0000000000000000 0000000000000000
0x000000005e77e690:   0000000000000001 0000000000000000
0x000000005e77e6a0:   0000000000000000 000000006748ad77 

Instructions: (pc=0x0000000076e735d3)
0x0000000076e735b3:   3b 18 72 05 3b 58 04 76 0d 48 83 c0 0c 85 c9 75
0x0000000076e735c3:   ed e9 57 82 05 00 8b 48 08 48 03 ca 2b 18 74 0b
0x0000000076e735d3:   0f b7 01 48 03 c8 83 c3 ff 75 f5 48 8b 84 24 90
0x0000000076e735e3:   00 00 00 48 8b 5c 24 70 48 89 08 33 c0 48 83 c4 


Register to memory mapping:

RAX=0x000000000267a850 is an unknown value
RBX=0x0000000000000012 is an unknown value
RCX=0x000000000269692c is an unknown value
RDX=0x000000000267a2e8 is an unknown value
RSP=0x000000005e77e5b0 is pointing into the stack for thread: 0x000000005c08e000
RBP=0x0000000000000000 is an unknown value
RSI=0x000000005e77e870 is pointing into the stack for thread: 0x000000005c08e000
RDI=0x000007fefcdd0000 is an unknown value
R8 =0x000000000267a2e8 is an unknown value
R9 =0x0000000000000000 is an unknown value
R10=0x0000000000000001 is an unknown value
R11=0x000000005e77e530 is pointing into the stack for thread: 0x000000005c08e000
R12=0x0000000000000000 is an unknown value
R13=0x000007fefcdd0000 is an unknown value
R14=0x0000000000002745 is an unknown value
R15=0x000000000036c0d0 is an unknown value


Stack: [0x000000005e680000,0x000000005e780000],  sp=0x000000005e77e5b0,  free space=1017k
Native frames: (J=compiled Java code, j=interpreted, Vv=VM code, C=native code)

Java frames: (J=compiled Java code, j=interpreted, Vv=VM code)
j  sun.nio.ch.SocketDispatcher.read0(Ljava/io/FileDescriptor;JI)I+0
j  sun.nio.ch.SocketDispatcher.read(Ljava/io/FileDescriptor;JI)I+4
J 4671 C1 sun.nio.ch.IOUtil.readIntoNativeBuffer(Ljava/io/FileDescriptor;Ljava/nio/ByteBuffer;JLsun/nio/ch/NativeDispatcher;)I (137 bytes) @ 0x000000000328e7b4 [0x000000000328e6c0+0xf4]
J 4670 C1 sun.nio.ch.IOUtil.read(Ljava/io/FileDescriptor;Ljava/nio/ByteBuffer;JLsun/nio/ch/NativeDispatcher;)I (93 bytes) @ 0x000000000328dfb4 [0x000000000328dee0+0xd4]
j  sun.nio.ch.SocketChannelImpl.read(Ljava/nio/ByteBuffer;)I+178
j  org.apache.tomcat.util.net.NioChannel.read(Ljava/nio/ByteBuffer;)I+5
j  org.apache.tomcat.util.net.NioEndpoint$NioSocketWrapper.fillReadBuffer(ZLjava/nio/ByteBuffer;)I+105
j  org.apache.tomcat.util.net.NioEndpoint$NioSocketWrapper.read(ZLjava/nio/ByteBuffer;)I+48
j  org.apache.coyote.http11.Http11InputBuffer.fill(Z)Z+147
j  org.apache.coyote.http11.Http11InputBuffer.parseRequestLine(ZII)Z+52
j  org.apache.coyote.http11.Http11Processor.service(Lorg/apache/tomcat/util/net/SocketWrapperBase;)Lorg/apache/tomcat/util/net/AbstractEndpoint$Handler$SocketState;+124
j  org.apache.coyote.AbstractProcessorLight.process(Lorg/apache/tomcat/util/net/SocketWrapperBase;Lorg/apache/tomcat/util/net/SocketEvent;)Lorg/apache/tomcat/util/net/AbstractEndpoint$Handler$SocketState;+113
j  org.apache.coyote.AbstractProtocol$ConnectionHandler.process(Lorg/apache/tomcat/util/net/SocketWrapperBase;Lorg/apache/tomcat/util/net/SocketEvent;)Lorg/apache/tomcat/util/net/AbstractEndpoint$Handler$SocketState;+422
j  org.apache.tomcat.util.net.NioEndpoint$SocketProcessor.doRun()V+221
j  org.apache.tomcat.util.net.SocketProcessorBase.run()V+21
j  java.util.concurrent.ThreadPoolExecutor.runWorker(Ljava/util/concurrent/ThreadPoolExecutor$Worker;)V+95
j  java.util.concurrent.ThreadPoolExecutor$Worker.run()V+5
j  org.apache.tomcat.util.threads.TaskThread$WrappingRunnable.run()V+4
j  java.lang.Thread.run()V+11
v  ~StubRoutines::call_stub

---------------  P R O C E S S  ---------------

Java Threads: ( => current thread )
  0x000000005c091800 JavaThread "Druid-ConnectionPool-Destroy-531570531" daemon [_thread_blocked, id=4612, stack(0x000000005f500000,0x000000005f600000)]
  0x000000005c093000 JavaThread "Druid-ConnectionPool-Create-531570531" daemon [_thread_blocked, id=5804, stack(0x000000005f2e0000,0x000000005f3e0000)]
  0x000000005c092800 JavaThread "mysql-cj-abandoned-connection-cleanup" daemon [_thread_blocked, id=5040, stack(0x000000005cca0000,0x000000005cda0000)]
  0x000000005c091000 JavaThread "DestroyJavaVM" [_thread_blocked, id=5212, stack(0x0000000002870000,0x0000000002970000)]
  0x000000005c090000 JavaThread "http-nio-8888-Acceptor" daemon [_thread_in_native, id=828, stack(0x000000005ecf0000,0x000000005edf0000)]
  0x000000005c08f800 JavaThread "http-nio-8888-ClientPoller" daemon [_thread_in_native, id=8116, stack(0x000000005ebe0000,0x000000005ece0000)]
  0x000000005c08e800 JavaThread "http-nio-8888-exec-10" daemon [_thread_blocked, id=5532, stack(0x000000005a340000,0x000000005a440000)]
=>0x000000005c08e000 JavaThread "http-nio-8888-exec-9" daemon [_thread_in_native, id=7980, stack(0x000000005e680000,0x000000005e780000)]
  0x000000005c08d000 JavaThread "http-nio-8888-exec-8" daemon [_thread_blocked, id=5360, stack(0x000000005ea60000,0x000000005eb60000)]
  0x000000005c08c800 JavaThread "http-nio-8888-exec-7" daemon [_thread_blocked, id=7808, stack(0x000000005e8b0000,0x000000005e9b0000)]
  0x000000005c08b800 JavaThread "http-nio-8888-exec-6" daemon [_thread_blocked, id=5064, stack(0x000000005e780000,0x000000005e880000)]
  0x000000005c08b000 JavaThread "http-nio-8888-exec-5" daemon [_thread_blocked, id=7404, stack(0x000000005e500000,0x000000005e600000)]
  0x000000005c08a000 JavaThread "http-nio-8888-exec-4" daemon [_thread_blocked, id=4452, stack(0x000000005e400000,0x000000005e500000)]
  0x000000005c089800 JavaThread "http-nio-8888-exec-3" daemon [_thread_blocked, id=6168, stack(0x000000005e280000,0x000000005e380000)]
  0x000000005c088800 JavaThread "http-nio-8888-exec-2" daemon [_thread_blocked, id=6184, stack(0x000000005e080000,0x000000005e180000)]
  0x000000005c088000 JavaThread "http-nio-8888-exec-1" daemon [_thread_blocked, id=6176, stack(0x000000005df80000,0x000000005e080000)]
  0x000000005c087000 JavaThread "http-nio-8888-BlockPoller" daemon [_thread_in_native, id=2620, stack(0x000000005ac20000,0x000000005ad20000)]
  0x000000005b872800 JavaThread "container-0" [_thread_blocked, id=8076, stack(0x000000005da80000,0x000000005db80000)]
  0x000000005be3d000 JavaThread "Catalina-utility-2" [_thread_blocked, id=4432, stack(0x000000005d940000,0x000000005da40000)]
  0x000000005b888000 JavaThread "Catalina-utility-1" [_thread_blocked, id=6060, stack(0x000000005d800000,0x000000005d900000)]
  0x000000005bd05800 JavaThread "RMI Scheduler(0)" daemon [_thread_blocked, id=6284, stack(0x000000005ce90000,0x000000005cf90000)]
  0x000000005b609800 JavaThread "logback-2" daemon [_thread_blocked, id=4856, stack(0x000000005a500000,0x000000005a600000)]
  0x000000005b609000 JavaThread "logback-1" daemon [_thread_blocked, id=1244, stack(0x000000005c540000,0x000000005c640000)]
  0x00000000592dc000 JavaThread "RMI TCP Accept-0" daemon [_thread_in_native, id=4932, stack(0x000000005a700000,0x000000005a800000)]
  0x0000000059165000 JavaThread "Service Thread" daemon [_thread_blocked, id=7296, stack(0x0000000059fd0000,0x000000005a0d0000)]
  0x000000005910b000 JavaThread "C1 CompilerThread2" daemon [_thread_blocked, id=8040, stack(0x0000000059ed0000,0x0000000059fd0000)]
  0x0000000059109800 JavaThread "C2 CompilerThread1" daemon [_thread_blocked, id=7472, stack(0x0000000059cd0000,0x0000000059dd0000)]
  0x0000000059108000 JavaThread "C2 CompilerThread0" daemon [_thread_blocked, id=3944, stack(0x0000000059bd0000,0x0000000059cd0000)]
  0x00000000590ce000 JavaThread "Monitor Ctrl-Break" daemon [_thread_in_native, id=7564, stack(0x0000000059a60000,0x0000000059b60000)]
  0x0000000058973800 JavaThread "Attach Listener" daemon [_thread_blocked, id=8064, stack(0x0000000058fb0000,0x00000000590b0000)]
  0x0000000057719000 JavaThread "Signal Dispatcher" daemon [_thread_blocked, id=5252, stack(0x0000000058e40000,0x0000000058f40000)]
  0x0000000057704800 JavaThread "Finalizer" daemon [_thread_blocked, id=6380, stack(0x0000000058700000,0x0000000058800000)]
  0x00000000576bd800 JavaThread "Reference Handler" daemon [_thread_blocked, id=6884, stack(0x0000000058860000,0x0000000058960000)]

Other Threads:
  0x00000000576b5800 VMThread [stack: 0x00000000585b0000,0x00000000586b0000] [id=6412]
  0x00000000592d6000 WatcherThread [stack: 0x000000005a900000,0x000000005aa00000] [id=7628]

VM state:not at safepoint (normal execution)

VM Mutex/Monitor currently owned by a thread: None

Heap:
 PSYoungGen      total 236032K, used 66052K [0x00000000d5f00000, 0x00000000ea380000, 0x0000000100000000)
  eden space 223232K, 24% used [0x00000000d5f00000,0x00000000d9469dd0,0x00000000e3900000)
  from space 12800K, 88% used [0x00000000e3900000,0x00000000e44173d8,0x00000000e4580000)
  to   space 13824K, 0% used [0x00000000e9600000,0x00000000e9600000,0x00000000ea380000)
 ParOldGen       total 71680K, used 16205K [0x0000000081c00000, 0x0000000086200000, 0x00000000d5f00000)
  object space 71680K, 22% used [0x0000000081c00000,0x0000000082bd3658,0x0000000086200000)
 Metaspace       used 45490K, capacity 47765K, committed 47952K, reserved 1091584K
  class space    used 5979K, capacity 6402K, committed 6528K, reserved 1048576K

Card table byte_map: [0x0000000011d30000,0x0000000012130000] byte_map_base: 0x0000000011922000

Marking Bits: (ParMarkBitMap*) 0x0000000067a8a6d0
 Begin Bits: [0x0000000012a00000, 0x0000000014990000)
 End Bits:   [0x0000000014990000, 0x0000000016920000)

Polling page: 0x0000000000430000

CodeCache: size=245760Kb used=9871Kb max_used=9871Kb free=235888Kb
 bounds [0x0000000002970000, 0x0000000003320000, 0x0000000011970000]
 total_blobs=5533 nmethods=5015 adapters=429
 compilation: enabled

Compilation events (10 events):
Event: 6909.693 Thread 0x000000005910b000 5086       1       org.springframework.web.context.request.ServletRequestAttributes::getRequest (5 bytes)
Event: 6909.693 Thread 0x000000005910b000 nmethod 5086 0x0000000003312790 code [0x00000000033128e0, 0x00000000033129f0]
Event: 6909.693 Thread 0x000000005910b000 5087       1       org.springframework.util.MimeType$SpecificityComparator::compare (13 bytes)
Event: 6909.693 Thread 0x000000005910b000 nmethod 5087 0x0000000003312a50 code [0x0000000003312bc0, 0x0000000003312d48]
Event: 6909.693 Thread 0x000000005910b000 5088       1       org.springframework.util.MimeType$SpecificityComparator::compare (103 bytes)
Event: 6909.694 Thread 0x000000005910b000 nmethod 5088 0x0000000003312e10 code [0x0000000003313040, 0x0000000003313628]
Event: 6909.694 Thread 0x000000005910b000 5089       1       org.apache.tomcat.util.buf.ByteChunk::getCharset (19 bytes)
Event: 6909.694 Thread 0x000000005910b000 nmethod 5089 0x0000000003313ad0 code [0x0000000003313c20, 0x0000000003313d50]
Event: 6909.694 Thread 0x000000005910b000 5090       1       org.apache.tomcat.util.buf.MessageBytes::toBytes (71 bytes)
Event: 6909.695 Thread 0x000000005910b000 nmethod 5090 0x0000000003313dd0 code [0x0000000003314000, 0x00000000033147d8]

GC Heap History (10 events):
Event: 5.080 GC heap before
{Heap before GC invocations=7 (full 1):
 PSYoungGen      total 71680K, used 66560K [0x00000000d5f00000, 0x00000000df300000, 0x0000000100000000)
  eden space 66560K, 100% used [0x00000000d5f00000,0x00000000da000000,0x00000000da000000)
  from space 5120K, 0% used [0x00000000da000000,0x00000000da000000,0x00000000da500000)
  to   space 9216K, 0% used [0x00000000dea00000,0x00000000dea00000,0x00000000df300000)
 ParOldGen       total 47616K, used 5864K [0x0000000081c00000, 0x0000000084a80000, 0x00000000d5f00000)
  object space 47616K, 12% used [0x0000000081c00000,0x00000000821ba2d0,0x0000000084a80000)
 Metaspace       used 23565K, capacity 24358K, committed 24572K, reserved 1071104K
  class space    used 3134K, capacity 3311K, committed 3328K, reserved 1048576K
Event: 5.092 GC heap after
Heap after GC invocations=7 (full 1):
 PSYoungGen      total 129024K, used 5503K [0x00000000d5f00000, 0x00000000def80000, 0x0000000100000000)
  eden space 123392K, 0% used [0x00000000d5f00000,0x00000000d5f00000,0x00000000dd780000)
  from space 5632K, 97% used [0x00000000dea00000,0x00000000def5fee0,0x00000000def80000)
  to   space 8704K, 0% used [0x00000000dde80000,0x00000000dde80000,0x00000000de700000)
 ParOldGen       total 47616K, used 5872K [0x0000000081c00000, 0x0000000084a80000, 0x00000000d5f00000)
  object space 47616K, 12% used [0x0000000081c00000,0x00000000821bc2d0,0x0000000084a80000)
 Metaspace       used 23565K, capacity 24358K, committed 24572K, reserved 1071104K
  class space    used 3134K, capacity 3311K, committed 3328K, reserved 1048576K
}
Event: 6.534 GC heap before
{Heap before GC invocations=8 (full 1):
 PSYoungGen      total 129024K, used 128895K [0x00000000d5f00000, 0x00000000def80000, 0x0000000100000000)
  eden space 123392K, 100% used [0x00000000d5f00000,0x00000000dd780000,0x00000000dd780000)
  from space 5632K, 97% used [0x00000000dea00000,0x00000000def5fee0,0x00000000def80000)
  to   space 8704K, 0% used [0x00000000dde80000,0x00000000dde80000,0x00000000de700000)
 ParOldGen       total 47616K, used 5872K [0x0000000081c00000, 0x0000000084a80000, 0x00000000d5f00000)
  object space 47616K, 12% used [0x0000000081c00000,0x00000000821bc2d0,0x0000000084a80000)
 Metaspace       used 32073K, capacity 33098K, committed 33276K, reserved 1077248K
  class space    used 4272K, capacity 4527K, committed 4608K, reserved 1048576K
Event: 6.550 GC heap after
Heap after GC invocations=8 (full 1):
 PSYoungGen      total 139264K, used 8703K [0x00000000d5f00000, 0x00000000e5100000, 0x0000000100000000)
  eden space 130560K, 0% used [0x00000000d5f00000,0x00000000d5f00000,0x00000000dde80000)
  from space 8704K, 99% used [0x00000000dde80000,0x00000000de6ffd68,0x00000000de700000)
  to   space 11776K, 0% used [0x00000000e4580000,0x00000000e4580000,0x00000000e5100000)
 ParOldGen       total 47616K, used 9853K [0x0000000081c00000, 0x0000000084a80000, 0x00000000d5f00000)
  object space 47616K, 20% used [0x0000000081c00000,0x000000008259f730,0x0000000084a80000)
 Metaspace       used 32073K, capacity 33098K, committed 33276K, reserved 1077248K
  class space    used 4272K, capacity 4527K, committed 4608K, reserved 1048576K
}
Event: 7.026 GC heap before
{Heap before GC invocations=9 (full 1):
 PSYoungGen      total 139264K, used 61556K [0x00000000d5f00000, 0x00000000e5100000, 0x0000000100000000)
  eden space 130560K, 40% used [0x00000000d5f00000,0x00000000d929d630,0x00000000dde80000)
  from space 8704K, 99% used [0x00000000dde80000,0x00000000de6ffd68,0x00000000de700000)
  to   space 11776K, 0% used [0x00000000e4580000,0x00000000e4580000,0x00000000e5100000)
 ParOldGen       total 47616K, used 9853K [0x0000000081c00000, 0x0000000084a80000, 0x00000000d5f00000)
  object space 47616K, 20% used [0x0000000081c00000,0x000000008259f730,0x0000000084a80000)
 Metaspace       used 34423K, capacity 35837K, committed 36048K, reserved 1081344K
  class space    used 4595K, capacity 4864K, committed 4864K, reserved 1048576K
Event: 7.053 GC heap after
Heap after GC invocations=9 (full 1):
 PSYoungGen      total 235008K, used 10582K [0x00000000d5f00000, 0x00000000e5f80000, 0x0000000100000000)
  eden space 223232K, 0% used [0x00000000d5f00000,0x00000000d5f00000,0x00000000e3900000)
  from space 11776K, 89% used [0x00000000e4580000,0x00000000e4fd59b8,0x00000000e5100000)
  to   space 12800K, 0% used [0x00000000e3900000,0x00000000e3900000,0x00000000e4580000)
 ParOldGen       total 47616K, used 9869K [0x0000000081c00000, 0x0000000084a80000, 0x00000000d5f00000)
  object space 47616K, 20% used [0x0000000081c00000,0x00000000825a3730,0x0000000084a80000)
 Metaspace       used 34423K, capacity 35837K, committed 36048K, reserved 1081344K
  class space    used 4595K, capacity 4864K, committed 4864K, reserved 1048576K
}
Event: 7.053 GC heap before
{Heap before GC invocations=10 (full 2):
 PSYoungGen      total 235008K, used 10582K [0x00000000d5f00000, 0x00000000e5f80000, 0x0000000100000000)
  eden space 223232K, 0% used [0x00000000d5f00000,0x00000000d5f00000,0x00000000e3900000)
  from space 11776K, 89% used [0x00000000e4580000,0x00000000e4fd59b8,0x00000000e5100000)
  to   space 12800K, 0% used [0x00000000e3900000,0x00000000e3900000,0x00000000e4580000)
 ParOldGen       total 47616K, used 9869K [0x0000000081c00000, 0x0000000084a80000, 0x00000000d5f00000)
  object space 47616K, 20% used [0x0000000081c00000,0x00000000825a3730,0x0000000084a80000)
 Metaspace       used 34423K, capacity 35837K, committed 36048K, reserved 1081344K
  class space    used 4595K, capacity 4864K, committed 4864K, reserved 1048576K
Event: 7.166 GC heap after
Heap after GC invocations=10 (full 2):
 PSYoungGen      total 235008K, used 0K [0x00000000d5f00000, 0x00000000e5f80000, 0x0000000100000000)
  eden space 223232K, 0% used [0x00000000d5f00000,0x00000000d5f00000,0x00000000e3900000)
  from space 11776K, 0% used [0x00000000e4580000,0x00000000e4580000,0x00000000e5100000)
  to   space 12800K, 0% used [0x00000000e3900000,0x00000000e3900000,0x00000000e4580000)
 ParOldGen       total 71680K, used 16197K [0x0000000081c00000, 0x0000000086200000, 0x00000000d5f00000)
  object space 71680K, 22% used [0x0000000081c00000,0x0000000082bd1658,0x0000000086200000)
 Metaspace       used 34423K, capacity 35837K, committed 36048K, reserved 1081344K
  class space    used 4595K, capacity 4864K, committed 4864K, reserved 1048576K
}
Event: 20.909 GC heap before
{Heap before GC invocations=11 (full 2):
 PSYoungGen      total 235008K, used 223232K [0x00000000d5f00000, 0x00000000e5f80000, 0x0000000100000000)
  eden space 223232K, 100% used [0x00000000d5f00000,0x00000000e3900000,0x00000000e3900000)
  from space 11776K, 0% used [0x00000000e4580000,0x00000000e4580000,0x00000000e5100000)
  to   space 12800K, 0% used [0x00000000e3900000,0x00000000e3900000,0x00000000e4580000)
 ParOldGen       total 71680K, used 16197K [0x0000000081c00000, 0x0000000086200000, 0x00000000d5f00000)
  object space 71680K, 22% used [0x0000000081c00000,0x0000000082bd1658,0x0000000086200000)
 Metaspace       used 41594K, capacity 43777K, committed 43856K, reserved 1087488K
  class space    used 5598K, capacity 5988K, committed 6016K, reserved 1048576K
Event: 20.925 GC heap after
Heap after GC invocations=11 (full 2):
 PSYoungGen      total 236032K, used 11356K [0x00000000d5f00000, 0x00000000ea380000, 0x0000000100000000)
  eden space 223232K, 0% used [0x00000000d5f00000,0x00000000d5f00000,0x00000000e3900000)
  from space 12800K, 88% used [0x00000000e3900000,0x00000000e44173d8,0x00000000e4580000)
  to   space 13824K, 0% used [0x00000000e9600000,0x00000000e9600000,0x00000000ea380000)
 ParOldGen       total 71680K, used 16205K [0x0000000081c00000, 0x0000000086200000, 0x00000000d5f00000)
  object space 71680K, 22% used [0x0000000081c00000,0x0000000082bd3658,0x0000000086200000)
 Metaspace       used 41594K, capacity 43777K, committed 43856K, reserved 1087488K
  class space    used 5598K, capacity 5988K, committed 6016K, reserved 1048576K
}

Deoptimization events (0 events):
No events

Internal exceptions (10 events):
Event: 8.714 Thread 0x000000000256e000 Exception <a 'java/lang/ClassNotFoundException': org/springframework/beans/factory/AwareCustomizer> (0x00000000e15fb750) thrown at [C:\re\workspace\8-2-build-windows-amd64-cygwin\jdk8u112\7884\hotspot\src\share\vm\classfile\systemDictionary.cpp, line 210]
Event: 8.715 Thread 0x000000000256e000 Exception <a 'java/lang/ClassNotFoundException': org/springframework/context/ApplicationListenerCustomizer> (0x00000000e1614140) thrown at [C:\re\workspace\8-2-build-windows-amd64-cygwin\jdk8u112\7884\hotspot\src\share\vm\classfile\systemDictionary.cpp, l
Event: 8.715 Thread 0x000000000256e000 Exception <a 'java/lang/ClassNotFoundException': java/util/EventListenerCustomizer> (0x00000000e161d9a8) thrown at [C:\re\workspace\8-2-build-windows-amd64-cygwin\jdk8u112\7884\hotspot\src\share\vm\classfile\systemDictionary.cpp, line 210]
Event: 8.723 Thread 0x000000000256e000 Exception <a 'java/lang/ArrayIndexOutOfBoundsException'> (0x00000000e1688d90) thrown at [C:\re\workspace\8-2-build-windows-amd64-cygwin\jdk8u112\7884\hotspot\src\share\vm\runtime\sharedRuntime.cpp, line 605]
Event: 8.723 Thread 0x000000000256e000 Exception <a 'java/lang/ArrayIndexOutOfBoundsException'> (0x00000000e168b858) thrown at [C:\re\workspace\8-2-build-windows-amd64-cygwin\jdk8u112\7884\hotspot\src\share\vm\runtime\sharedRuntime.cpp, line 605]
Event: 8.723 Thread 0x000000000256e000 Exception <a 'java/lang/ArrayIndexOutOfBoundsException'> (0x00000000e168d578) thrown at [C:\re\workspace\8-2-build-windows-amd64-cygwin\jdk8u112\7884\hotspot\src\share\vm\runtime\sharedRuntime.cpp, line 605]
Event: 8.723 Thread 0x000000000256e000 Exception <a 'java/lang/ArrayIndexOutOfBoundsException'> (0x00000000e1690998) thrown at [C:\re\workspace\8-2-build-windows-amd64-cygwin\jdk8u112\7884\hotspot\src\share\vm\runtime\sharedRuntime.cpp, line 605]
Event: 20.841 Thread 0x000000005c088800 Exception <a 'java/lang/NoSuchMethodError': java.lang.Object.lambda$thenComparing$36697e65$1(Ljava/util/Comparator;Ljava/lang/Object;Ljava/lang/Object;)I> (0x00000000e36f5fa0) thrown at [C:\re\workspace\8-2-build-windows-amd64-cygwin\jdk8u112\7884\hotspot
Event: 6899.712 Thread 0x000000005c089800 Exception <a 'java/lang/reflect/InvocationTargetException'> (0x00000000d8789230) thrown at [C:\re\workspace\8-2-build-windows-amd64-cygwin\jdk8u112\7884\hotspot\src\share\vm\runtime\reflection.cpp, line 1092]
Event: 6931.518 Thread 0x000000005c08c800 Exception <a 'java/io/IOException'> (0x00000000d92da1a0) thrown at [C:\re\workspace\8-2-build-windows-amd64-cygwin\jdk8u112\7884\hotspot\src\share\vm\prims\jni.cpp, line 709]

Events (10 events):
Event: 6909.688 loading class com/fish/utils/XwhTool
Event: 6909.688 loading class com/fish/utils/XwhTool done
Event: 6909.688 loading class sun/util/locale/provider/CalendarNameProviderImpl$LengthBasedComparator
Event: 6909.688 loading class sun/util/locale/provider/CalendarNameProviderImpl$LengthBasedComparator done
Event: 6909.691 Executing VM operation: RevokeBias
Event: 6909.691 Executing VM operation: RevokeBias done
Event: 6909.691 Executing VM operation: RevokeBias
Event: 6909.691 Executing VM operation: RevokeBias done
Event: 6909.692 loading class org/apache/shiro/web/servlet/ShiroHttpServletRequest$ObjectPrincipal
Event: 6909.692 loading class org/apache/shiro/web/servlet/ShiroHttpServletRequest$ObjectPrincipal done


Dynamic libraries:
0x000000013f440000 - 0x000000013f477000 	D:\Tool\Java\jdk1.8.0_112\bin\java.exe
0x0000000076e30000 - 0x0000000076fcf000 	C:\Windows\SYSTEM32\ntdll.dll
0x0000000076d10000 - 0x0000000076e2f000 	C:\Windows\system32\kernel32.dll
0x000007fefcdd0000 - 0x000007fefce3a000 	C:\Windows\system32\KERNELBASE.dll
0x000007fefd860000 - 0x000007fefd93b000 	C:\Windows\system32\ADVAPI32.dll
0x000007fefda80000 - 0x000007fefdb1f000 	C:\Windows\system32\msvcrt.dll
0x000007fefd970000 - 0x000007fefd98f000 	C:\Windows\SYSTEM32\sechost.dll
0x000007fefdf30000 - 0x000007fefe05c000 	C:\Windows\system32\RPCRT4.dll
0x0000000076c10000 - 0x0000000076d0a000 	C:\Windows\system32\USER32.dll
0x000007fefd990000 - 0x000007fefd9f7000 	C:\Windows\system32\GDI32.dll
0x000007fefe060000 - 0x000007fefe06e000 	C:\Windows\system32\LPK.dll
0x000007fefef70000 - 0x000007feff03b000 	C:\Windows\system32\USP10.dll
0x000007fefb7f0000 - 0x000007fefb9e5000 	C:\Windows\WinSxS\amd64_microsoft.windows.common-controls_6595b64144ccf1df_6.0.7601.24440_none_e36f1bbf30ff0606\COMCTL32.dll
0x000007fefda00000 - 0x000007fefda71000 	C:\Windows\system32\SHLWAPI.dll
0x000007fefd940000 - 0x000007fefd96e000 	C:\Windows\system32\IMM32.DLL
0x000007fefe070000 - 0x000007fefe179000 	C:\Windows\system32\MSCTF.dll
0x000000006fe60000 - 0x000000006ff32000 	D:\Tool\Java\jdk1.8.0_112\jre\bin\msvcr100.dll
0x0000000067270000 - 0x0000000067b0a000 	D:\Tool\Java\jdk1.8.0_112\jre\bin\server\jvm.dll
0x000007fefaa10000 - 0x000007fefaa19000 	C:\Windows\system32\WSOCK32.dll
0x000007fefd4a0000 - 0x000007fefd4ed000 	C:\Windows\system32\WS2_32.dll
0x000007fefd130000 - 0x000007fefd138000 	C:\Windows\system32\NSI.dll
0x000007fefab20000 - 0x000007fefab5b000 	C:\Windows\system32\WINMM.dll
0x000007fefbe80000 - 0x000007fefbe8c000 	C:\Windows\system32\VERSION.dll
0x0000000076fe0000 - 0x0000000076fe7000 	C:\Windows\system32\PSAPI.DLL
0x0000000073710000 - 0x000000007371f000 	D:\Tool\Java\jdk1.8.0_112\jre\bin\verify.dll
0x00000000727c0000 - 0x00000000727e9000 	D:\Tool\Java\jdk1.8.0_112\jre\bin\java.dll
0x000000006aa60000 - 0x000000006aa83000 	D:\Tool\Java\jdk1.8.0_112\jre\bin\instrument.dll
0x0000000072080000 - 0x0000000072096000 	D:\Tool\Java\jdk1.8.0_112\jre\bin\zip.dll
0x000007fefe180000 - 0x000007fefef0b000 	C:\Windows\system32\SHELL32.dll
0x000007fefd160000 - 0x000007fefd35f000 	C:\Windows\system32\ole32.dll
0x000007fefcd20000 - 0x000007fefcd2f000 	C:\Windows\system32\profapi.dll
0x000007feea820000 - 0x000007feea83a000 	D:\Tool\IDEA\IntelliJ IDEA 2019.2.2\bin\breakgen64.dll
0x0000000072060000 - 0x000000007207a000 	D:\Tool\Java\jdk1.8.0_112\jre\bin\net.dll
0x000007fefc500000 - 0x000007fefc555000 	C:\Windows\system32\mswsock.dll
0x000007fefc4f0000 - 0x000007fefc4f7000 	C:\Windows\System32\wship6.dll
0x000007fefbf50000 - 0x000007fefbf57000 	C:\Windows\System32\wshtcpip.dll
0x000007fefc380000 - 0x000007fefc3db000 	C:\Windows\system32\DNSAPI.dll
0x000007fefa210000 - 0x000007fefa237000 	C:\Windows\system32\IPHLPAPI.DLL
0x000007fefa200000 - 0x000007fefa20b000 	C:\Windows\system32\WINNSI.DLL
0x000007fef8970000 - 0x000007fef8978000 	C:\Windows\system32\rasadhlp.dll
0x000007fef9f40000 - 0x000007fef9f93000 	C:\Windows\System32\fwpuclnt.dll
0x000000006fa60000 - 0x000000006fa6d000 	D:\Tool\Java\jdk1.8.0_112\jre\bin\management.dll
0x0000000072040000 - 0x0000000072051000 	D:\Tool\Java\jdk1.8.0_112\jre\bin\nio.dll
0x000007fefc560000 - 0x000007fefc578000 	C:\Windows\system32\CRYPTSP.dll
0x000007fefc260000 - 0x000007fefc2a7000 	C:\Windows\system32\rsaenh.dll
0x000007fefc070000 - 0x000007fefc08e000 	C:\Windows\system32\USERENV.dll
0x000007fefcc50000 - 0x000007fefcc5f000 	C:\Windows\system32\CRYPTBASE.dll
0x000007fef9f10000 - 0x000007fef9f21000 	C:\Windows\system32\dhcpcsvc6.DLL
0x000007fef9ef0000 - 0x000007fef9f08000 	C:\Windows\system32\dhcpcsvc.DLL
0x000007fefac60000 - 0x000007fefac75000 	C:\Windows\system32\NLAapi.dll
0x000007fef8ee0000 - 0x000007fef8ef5000 	C:\Windows\system32\napinsp.dll
0x000007fef8ec0000 - 0x000007fef8ed9000 	C:\Windows\system32\pnrpnsp.dll
0x000007fef8eb0000 - 0x000007fef8ebb000 	C:\Windows\System32\winrnr.dll
0x0000000066b00000 - 0x0000000066b24000 	D:\Tool\Java\jdk1.8.0_112\jre\bin\sunec.dll
0x000007fef91d0000 - 0x000007fef92f5000 	C:\Windows\system32\dbghelp.dll

VM Arguments:
jvm_args: -XX:TieredStopAtLevel=1 -Xverify:none -Dspring.output.ansi.enabled=always -Dcom.sun.management.jmxremote -Dspring.jmx.enabled=true -Dspring.liveBeansView.mbeanDomain -Dspring.application.admin.enabled=true -javaagent:D:\Tool\IDEA\IntelliJ IDEA 2019.2.2\lib\idea_rt.jar=50482:D:\Tool\IDEA\IntelliJ IDEA 2019.2.2\bin -Dfile.encoding=UTF-8 
java_command: com.fish.MangerApplication
java_class_path (initial): D:\Tool\Java\jdk1.8.0_112\jre\lib\charsets.jar;D:\Tool\Java\jdk1.8.0_112\jre\lib\deploy.jar;D:\Tool\Java\jdk1.8.0_112\jre\lib\ext\access-bridge-64.jar;D:\Tool\Java\jdk1.8.0_112\jre\lib\ext\cldrdata.jar;D:\Tool\Java\jdk1.8.0_112\jre\lib\ext\dnsns.jar;D:\Tool\Java\jdk1.8.0_112\jre\lib\ext\jaccess.jar;D:\Tool\Java\jdk1.8.0_112\jre\lib\ext\jfxrt.jar;D:\Tool\Java\jdk1.8.0_112\jre\lib\ext\localedata.jar;D:\Tool\Java\jdk1.8.0_112\jre\lib\ext\nashorn.jar;D:\Tool\Java\jdk1.8.0_112\jre\lib\ext\sunec.jar;D:\Tool\Java\jdk1.8.0_112\jre\lib\ext\sunjce_provider.jar;D:\Tool\Java\jdk1.8.0_112\jre\lib\ext\sunmscapi.jar;D:\Tool\Java\jdk1.8.0_112\jre\lib\ext\sunpkcs11.jar;D:\Tool\Java\jdk1.8.0_112\jre\lib\ext\zipfs.jar;D:\Tool\Java\jdk1.8.0_112\jre\lib\javaws.jar;D:\Tool\Java\jdk1.8.0_112\jre\lib\jce.jar;D:\Tool\Java\jdk1.8.0_112\jre\lib\jfr.jar;D:\Tool\Java\jdk1.8.0_112\jre\lib\jfxswt.jar;D:\Tool\Java\jdk1.8.0_112\jre\lib\jsse.jar;D:\Tool\Java\jdk1.8.0_112\jre\lib\management-agent.jar;D:\Tool\Java\jdk1.8.0_112\jre\lib\plugin.jar;D:\Tool\Java\jdk1.8.0_112\jre\lib\resources.jar;D:\Tool\Java\jdk1.8.0_112\jre\lib\rt.jar;D:\IdeaProjects\SVNProjects\manager\target\classes;D:\Tool\Maven\apache-maven-3.5.2\repository\org\springframework\boot\spring-boot-starter-jdbc\2.1.7.RELEASE\spring-boot-starter-jdbc-2.1.7.RELEASE.jar;D:\Tool\Maven\apache-maven-3.5.2\repository\org\springframework\boot\spring-boot-starter\2.1.7.RELEASE\spring-boot-starter-2.1.7.RELEASE.jar;D:\Tool\Maven\apache-maven-3.5.2\repository\org\springframework\boot\spring-boot\2.1.7.RELEASE\spring-boot-2.1.7.RELEASE.jar;D:\Tool\Maven\apache-maven-3.5.2\repository\org\springframework\boot\spring-boot-starter-logging\2.1.7.RELEASE\spring-boot-starter-logging-2.1.7.RELEASE.jar;D:\Tool\Maven\apache-maven-3.5.2\repository\ch\qos\logback\logback-classic\1.2.3\logback-classic-1.2.3.jar;D:\Tool\Maven\apache-maven-3.5.2\repository\ch\qos\logback\logback-core\1.2.3\logback-core-1.2.3.jar;D:\Tool\Maven\apache-ma
Launcher Type: SUN_STANDARD

Environment Variables:
JAVA_HOME=D:\Tool\Java\jdk1.8.0_112
CLASSPATH=.;D:\Tool\Java\jdk1.8.0_112\lib;D:\Tool\Java\jdk1.8.0_112\lib\tools.jar
PATH=C:\ProgramData\Oracle\Java\javapath;C:\Windows\system32;C:\Windows;C:\Windows\System32\Wbem;C:\Windows\System32\WindowsPowerShell\v1.0\;D:\Tool\Java\jdk1.8.0_112\bin;D:\Tool\Java\jdk1.8.0_112\jre\bin;D:\Tool\Maven\apache-maven-3.5.2\bin;D:\Tool\SVN\VisualSVN Server\bin;D:\Tool\Mysql\MySQL Server 5.5\bin;D:\Tool\TortoiseSVN\bin;D:\Tool\GIT\Git\cmd;D:\Tool\GIT\TortoiseGit\bin;C:\Users\Host-0\AppData\Local\BypassRuntm
USERNAME=Host-0203-pc
OS=Windows_NT
PROCESSOR_IDENTIFIER=Intel64 Family 6 Model 42 Stepping 7, GenuineIntel



---------------  S Y S T E M  ---------------

OS: Windows 7 , 64 bit Build 7601 (6.1.7601.24441)

CPU:total 4 (2 cores per cpu, 2 threads per core) family 6 model 42 stepping 7, cmov, cx8, fxsr, mmx, sse, sse2, sse3, ssse3, sse4.1, sse4.2, popcnt, avx, clmul, ht, tsc, tscinvbit

Memory: 4k page, physical 8266804k(3038340k free), swap 16531708k(9968604k free)

vm_info: Java HotSpot(TM) 64-Bit Server VM (25.112-b15) for windows-amd64 JRE (1.8.0_112-b15), built on Sep 22 2016 21:31:56 by "java_re" with MS VC++ 10.0 (VS2010)

time: Sat Oct 12 11:55:54 2019
elapsed time: 6940 seconds (0d 1h 55m 40s)

